2021-08-10 23:43:14,977 INFO 59659 [egg-schedule]: register schedule /Users/macbook/Desktop/vyking/projects/egg-vue-ssr/EggVuePro/node_modules/_egg-multipart@2.13.1@egg-multipart/app/schedule/clean_tmpdir.js
2021-08-10 23:43:14,977 INFO 59659 [egg-schedule]: register schedule /Users/macbook/Desktop/vyking/projects/egg-vue-ssr/EggVuePro/node_modules/_egg-logrotator@3.1.0@egg-logrotator/app/schedule/clean_log.js
2021-08-10 23:43:14,977 INFO 59659 [egg-schedule]: register schedule /Users/macbook/Desktop/vyking/projects/egg-vue-ssr/EggVuePro/node_modules/_egg-logrotator@3.1.0@egg-logrotator/app/schedule/rotate_by_file.js
2021-08-10 23:43:15,186 INFO 59627 [Timer] /Users/macbook/Desktop/vyking/projects/egg-vue-ssr/EggVuePro/node_modules/_egg-multipart@2.13.1@egg-multipart/app/schedule/clean_tmpdir.js next time will execute after 17204816ms at 2021-08-11 04:30:00.002
2021-08-10 23:43:15,186 INFO 59627 [Timer] /Users/macbook/Desktop/vyking/projects/egg-vue-ssr/EggVuePro/node_modules/_egg-logrotator@3.1.0@egg-logrotator/app/schedule/clean_log.js next time will execute after 1004814ms at 2021-08-11 00:00:00.000
2021-08-10 23:43:15,186 INFO 59627 [Timer] /Users/macbook/Desktop/vyking/projects/egg-vue-ssr/EggVuePro/node_modules/_egg-logrotator@3.1.0@egg-logrotator/app/schedule/rotate_by_file.js next time will execute after 1005814ms at 2021-08-11 00:00:01.000
2021-08-11 00:00:00,016 INFO 59627 [Timer] /Users/macbook/Desktop/vyking/projects/egg-vue-ssr/EggVuePro/node_modules/_egg-logrotator@3.1.0@egg-logrotator/app/schedule/clean_log.js next time will execute after 86399989ms at 2021-08-12 00:00:00.005
2021-08-11 00:00:00,011 INFO 59659 [Job#1628611200010983382938502171] /Users/macbook/Desktop/vyking/projects/egg-vue-ssr/EggVuePro/node_modules/_egg-logrotator@3.1.0@egg-logrotator/app/schedule/clean_log.js executing by app
2021-08-11 00:00:00,013 INFO 59659 [Job#1628611200010983382938502171] /Users/macbook/Desktop/vyking/projects/egg-vue-ssr/EggVuePro/node_modules/_egg-logrotator@3.1.0@egg-logrotator/app/schedule/clean_log.js execute succeed, used 1ms. 
2021-08-11 00:00:01,016 INFO 59659 [Job#1628611201015983392988142891] /Users/macbook/Desktop/vyking/projects/egg-vue-ssr/EggVuePro/node_modules/_egg-logrotator@3.1.0@egg-logrotator/app/schedule/rotate_by_file.js executing by app
2021-08-11 00:00:01,021 INFO 59659 [Job#1628611201015983392988142891] /Users/macbook/Desktop/vyking/projects/egg-vue-ssr/EggVuePro/node_modules/_egg-logrotator@3.1.0@egg-logrotator/app/schedule/rotate_by_file.js execute succeed, used 5ms. 
2021-08-11 00:00:01,019 INFO 59627 [Timer] /Users/macbook/Desktop/vyking/projects/egg-vue-ssr/EggVuePro/node_modules/_egg-logrotator@3.1.0@egg-logrotator/app/schedule/rotate_by_file.js next time will execute after 86399985ms at 2021-08-12 00:00:01.004
2021-08-11 22:14:25,487 INFO 15042 [egg-schedule]: register schedule /Users/macbook/Desktop/vyking/projects/egg-vue-pro/node_modules/_egg-multipart@2.13.1@egg-multipart/app/schedule/clean_tmpdir.js
2021-08-11 22:14:25,487 INFO 15042 [egg-schedule]: register schedule /Users/macbook/Desktop/vyking/projects/egg-vue-pro/node_modules/_egg-logrotator@3.1.0@egg-logrotator/app/schedule/clean_log.js
2021-08-11 22:14:25,487 INFO 15042 [egg-schedule]: register schedule /Users/macbook/Desktop/vyking/projects/egg-vue-pro/node_modules/_egg-logrotator@3.1.0@egg-logrotator/app/schedule/rotate_by_file.js
2021-08-11 22:14:26,272 INFO 14996 [Timer] /Users/macbook/Desktop/vyking/projects/egg-vue-pro/node_modules/_egg-multipart@2.13.1@egg-multipart/app/schedule/clean_tmpdir.js next time will execute after 22533730ms at 2021-08-12 04:30:00.002
2021-08-11 22:14:26,273 INFO 14996 [Timer] /Users/macbook/Desktop/vyking/projects/egg-vue-pro/node_modules/_egg-logrotator@3.1.0@egg-logrotator/app/schedule/clean_log.js next time will execute after 6333728ms at 2021-08-12 00:00:00.001
2021-08-11 22:14:26,273 INFO 14996 [Timer] /Users/macbook/Desktop/vyking/projects/egg-vue-pro/node_modules/_egg-logrotator@3.1.0@egg-logrotator/app/schedule/rotate_by_file.js next time will execute after 6334727ms at 2021-08-12 00:00:01.000
2021-08-11 22:14:53,604 INFO 15272 [egg-schedule]: register schedule /Users/macbook/Desktop/vyking/projects/egg-vue-pro/node_modules/_egg-multipart@2.13.1@egg-multipart/app/schedule/clean_tmpdir.js
2021-08-11 22:14:53,604 INFO 15272 [egg-schedule]: register schedule /Users/macbook/Desktop/vyking/projects/egg-vue-pro/node_modules/_egg-logrotator@3.1.0@egg-logrotator/app/schedule/clean_log.js
2021-08-11 22:14:53,604 INFO 15272 [egg-schedule]: register schedule /Users/macbook/Desktop/vyking/projects/egg-vue-pro/node_modules/_egg-logrotator@3.1.0@egg-logrotator/app/schedule/rotate_by_file.js
2021-08-11 22:22:56,564 INFO 19085 [egg-schedule]: register schedule /Users/macbook/Desktop/vyking/projects/egg-vue-pro/node_modules/_egg-multipart@2.13.1@egg-multipart/app/schedule/clean_tmpdir.js
2021-08-11 22:22:56,564 INFO 19085 [egg-schedule]: register schedule /Users/macbook/Desktop/vyking/projects/egg-vue-pro/node_modules/_egg-logrotator@3.1.0@egg-logrotator/app/schedule/clean_log.js
2021-08-11 22:22:56,564 INFO 19085 [egg-schedule]: register schedule /Users/macbook/Desktop/vyking/projects/egg-vue-pro/node_modules/_egg-logrotator@3.1.0@egg-logrotator/app/schedule/rotate_by_file.js
2021-08-11 22:27:37,352 INFO 21331 [egg-schedule]: register schedule /Users/macbook/Desktop/vyking/projects/egg-vue-pro/node_modules/_egg-multipart@2.13.1@egg-multipart/app/schedule/clean_tmpdir.js
2021-08-11 22:27:37,352 INFO 21331 [egg-schedule]: register schedule /Users/macbook/Desktop/vyking/projects/egg-vue-pro/node_modules/_egg-logrotator@3.1.0@egg-logrotator/app/schedule/clean_log.js
2021-08-11 22:27:37,352 INFO 21331 [egg-schedule]: register schedule /Users/macbook/Desktop/vyking/projects/egg-vue-pro/node_modules/_egg-logrotator@3.1.0@egg-logrotator/app/schedule/rotate_by_file.js
2021-08-11 22:27:54,496 INFO 21479 [egg-schedule]: register schedule /Users/macbook/Desktop/vyking/projects/egg-vue-pro/node_modules/_egg-multipart@2.13.1@egg-multipart/app/schedule/clean_tmpdir.js
2021-08-11 22:27:54,496 INFO 21479 [egg-schedule]: register schedule /Users/macbook/Desktop/vyking/projects/egg-vue-pro/node_modules/_egg-logrotator@3.1.0@egg-logrotator/app/schedule/clean_log.js
2021-08-11 22:27:54,496 INFO 21479 [egg-schedule]: register schedule /Users/macbook/Desktop/vyking/projects/egg-vue-pro/node_modules/_egg-logrotator@3.1.0@egg-logrotator/app/schedule/rotate_by_file.js
2021-08-11 22:29:25,957 INFO 22235 [egg-schedule]: register schedule /Users/macbook/Desktop/vyking/projects/egg-vue-pro/node_modules/_egg-multipart@2.13.1@egg-multipart/app/schedule/clean_tmpdir.js
2021-08-11 22:29:25,957 INFO 22235 [egg-schedule]: register schedule /Users/macbook/Desktop/vyking/projects/egg-vue-pro/node_modules/_egg-logrotator@3.1.0@egg-logrotator/app/schedule/clean_log.js
2021-08-11 22:29:25,957 INFO 22235 [egg-schedule]: register schedule /Users/macbook/Desktop/vyking/projects/egg-vue-pro/node_modules/_egg-logrotator@3.1.0@egg-logrotator/app/schedule/rotate_by_file.js
2021-08-11 22:30:17,052 INFO 22677 [egg-schedule]: register schedule /Users/macbook/Desktop/vyking/projects/egg-vue-pro/node_modules/_egg-multipart@2.13.1@egg-multipart/app/schedule/clean_tmpdir.js
2021-08-11 22:30:17,052 INFO 22677 [egg-schedule]: register schedule /Users/macbook/Desktop/vyking/projects/egg-vue-pro/node_modules/_egg-logrotator@3.1.0@egg-logrotator/app/schedule/clean_log.js
2021-08-11 22:30:17,052 INFO 22677 [egg-schedule]: register schedule /Users/macbook/Desktop/vyking/projects/egg-vue-pro/node_modules/_egg-logrotator@3.1.0@egg-logrotator/app/schedule/rotate_by_file.js
2021-08-11 22:30:29,355 INFO 22783 [egg-schedule]: register schedule /Users/macbook/Desktop/vyking/projects/egg-vue-pro/node_modules/_egg-multipart@2.13.1@egg-multipart/app/schedule/clean_tmpdir.js
2021-08-11 22:30:29,355 INFO 22783 [egg-schedule]: register schedule /Users/macbook/Desktop/vyking/projects/egg-vue-pro/node_modules/_egg-logrotator@3.1.0@egg-logrotator/app/schedule/clean_log.js
2021-08-11 22:30:29,355 INFO 22783 [egg-schedule]: register schedule /Users/macbook/Desktop/vyking/projects/egg-vue-pro/node_modules/_egg-logrotator@3.1.0@egg-logrotator/app/schedule/rotate_by_file.js
2021-08-11 22:40:13,669 INFO 27355 [egg-schedule]: register schedule /Users/macbook/Desktop/vyking/projects/egg-vue-pro/node_modules/_egg-multipart@2.13.1@egg-multipart/app/schedule/clean_tmpdir.js
2021-08-11 22:40:13,669 INFO 27355 [egg-schedule]: register schedule /Users/macbook/Desktop/vyking/projects/egg-vue-pro/node_modules/_egg-logrotator@3.1.0@egg-logrotator/app/schedule/clean_log.js
2021-08-11 22:40:13,669 INFO 27355 [egg-schedule]: register schedule /Users/macbook/Desktop/vyking/projects/egg-vue-pro/node_modules/_egg-logrotator@3.1.0@egg-logrotator/app/schedule/rotate_by_file.js
2021-08-11 22:40:19,878 INFO 27422 [egg-schedule]: register schedule /Users/macbook/Desktop/vyking/projects/egg-vue-pro/node_modules/_egg-multipart@2.13.1@egg-multipart/app/schedule/clean_tmpdir.js
2021-08-11 22:40:19,878 INFO 27422 [egg-schedule]: register schedule /Users/macbook/Desktop/vyking/projects/egg-vue-pro/node_modules/_egg-logrotator@3.1.0@egg-logrotator/app/schedule/clean_log.js
2021-08-11 22:40:19,878 INFO 27422 [egg-schedule]: register schedule /Users/macbook/Desktop/vyking/projects/egg-vue-pro/node_modules/_egg-logrotator@3.1.0@egg-logrotator/app/schedule/rotate_by_file.js
2021-08-11 22:41:11,641 INFO 27836 [egg-schedule]: register schedule /Users/macbook/Desktop/vyking/projects/egg-vue-pro/node_modules/_egg-multipart@2.13.1@egg-multipart/app/schedule/clean_tmpdir.js
2021-08-11 22:41:11,641 INFO 27836 [egg-schedule]: register schedule /Users/macbook/Desktop/vyking/projects/egg-vue-pro/node_modules/_egg-logrotator@3.1.0@egg-logrotator/app/schedule/clean_log.js
2021-08-11 22:41:11,641 INFO 27836 [egg-schedule]: register schedule /Users/macbook/Desktop/vyking/projects/egg-vue-pro/node_modules/_egg-logrotator@3.1.0@egg-logrotator/app/schedule/rotate_by_file.js
2021-08-11 22:44:40,339 INFO 29516 [egg-schedule]: register schedule /Users/macbook/Desktop/vyking/projects/egg-vue-pro/node_modules/_egg-multipart@2.13.1@egg-multipart/app/schedule/clean_tmpdir.js
2021-08-11 22:44:40,339 INFO 29516 [egg-schedule]: register schedule /Users/macbook/Desktop/vyking/projects/egg-vue-pro/node_modules/_egg-logrotator@3.1.0@egg-logrotator/app/schedule/clean_log.js
2021-08-11 22:44:40,339 INFO 29516 [egg-schedule]: register schedule /Users/macbook/Desktop/vyking/projects/egg-vue-pro/node_modules/_egg-logrotator@3.1.0@egg-logrotator/app/schedule/rotate_by_file.js
2021-08-11 22:48:20,053 INFO 31237 [egg-schedule]: register schedule /Users/macbook/Desktop/vyking/projects/egg-vue-pro/node_modules/_egg-multipart@2.13.1@egg-multipart/app/schedule/clean_tmpdir.js
2021-08-11 22:48:20,053 INFO 31237 [egg-schedule]: register schedule /Users/macbook/Desktop/vyking/projects/egg-vue-pro/node_modules/_egg-logrotator@3.1.0@egg-logrotator/app/schedule/clean_log.js
2021-08-11 22:48:20,053 INFO 31237 [egg-schedule]: register schedule /Users/macbook/Desktop/vyking/projects/egg-vue-pro/node_modules/_egg-logrotator@3.1.0@egg-logrotator/app/schedule/rotate_by_file.js
2021-08-11 22:48:33,193 INFO 31377 [egg-schedule]: register schedule /Users/macbook/Desktop/vyking/projects/egg-vue-pro/node_modules/_egg-multipart@2.13.1@egg-multipart/app/schedule/clean_tmpdir.js
2021-08-11 22:48:33,193 INFO 31377 [egg-schedule]: register schedule /Users/macbook/Desktop/vyking/projects/egg-vue-pro/node_modules/_egg-logrotator@3.1.0@egg-logrotator/app/schedule/clean_log.js
2021-08-11 22:48:33,193 INFO 31377 [egg-schedule]: register schedule /Users/macbook/Desktop/vyking/projects/egg-vue-pro/node_modules/_egg-logrotator@3.1.0@egg-logrotator/app/schedule/rotate_by_file.js
2021-08-11 22:51:19,581 INFO 32684 [egg-schedule]: register schedule /Users/macbook/Desktop/vyking/projects/egg-vue-pro/node_modules/_egg-multipart@2.13.1@egg-multipart/app/schedule/clean_tmpdir.js
2021-08-11 22:51:19,581 INFO 32684 [egg-schedule]: register schedule /Users/macbook/Desktop/vyking/projects/egg-vue-pro/node_modules/_egg-logrotator@3.1.0@egg-logrotator/app/schedule/clean_log.js
2021-08-11 22:51:19,581 INFO 32684 [egg-schedule]: register schedule /Users/macbook/Desktop/vyking/projects/egg-vue-pro/node_modules/_egg-logrotator@3.1.0@egg-logrotator/app/schedule/rotate_by_file.js
2021-08-11 22:59:38,763 INFO 36592 [egg-schedule]: register schedule /Users/macbook/Desktop/vyking/projects/egg-vue-pro/node_modules/_egg-multipart@2.13.1@egg-multipart/app/schedule/clean_tmpdir.js
2021-08-11 22:59:38,763 INFO 36592 [egg-schedule]: register schedule /Users/macbook/Desktop/vyking/projects/egg-vue-pro/node_modules/_egg-logrotator@3.1.0@egg-logrotator/app/schedule/clean_log.js
2021-08-11 22:59:38,763 INFO 36592 [egg-schedule]: register schedule /Users/macbook/Desktop/vyking/projects/egg-vue-pro/node_modules/_egg-logrotator@3.1.0@egg-logrotator/app/schedule/rotate_by_file.js
2021-08-11 22:59:42,833 INFO 36637 [egg-schedule]: register schedule /Users/macbook/Desktop/vyking/projects/egg-vue-pro/node_modules/_egg-multipart@2.13.1@egg-multipart/app/schedule/clean_tmpdir.js
2021-08-11 22:59:42,833 INFO 36637 [egg-schedule]: register schedule /Users/macbook/Desktop/vyking/projects/egg-vue-pro/node_modules/_egg-logrotator@3.1.0@egg-logrotator/app/schedule/clean_log.js
2021-08-11 22:59:42,833 INFO 36637 [egg-schedule]: register schedule /Users/macbook/Desktop/vyking/projects/egg-vue-pro/node_modules/_egg-logrotator@3.1.0@egg-logrotator/app/schedule/rotate_by_file.js
2021-08-11 23:10:58,222 INFO 41884 [egg-schedule]: register schedule /Users/macbook/Desktop/vyking/projects/egg-vue-pro/node_modules/_egg-multipart@2.13.1@egg-multipart/app/schedule/clean_tmpdir.js
2021-08-11 23:10:58,222 INFO 41884 [egg-schedule]: register schedule /Users/macbook/Desktop/vyking/projects/egg-vue-pro/node_modules/_egg-logrotator@3.1.0@egg-logrotator/app/schedule/clean_log.js
2021-08-11 23:10:58,222 INFO 41884 [egg-schedule]: register schedule /Users/macbook/Desktop/vyking/projects/egg-vue-pro/node_modules/_egg-logrotator@3.1.0@egg-logrotator/app/schedule/rotate_by_file.js
2021-08-11 23:11:33,720 INFO 42177 [egg-schedule]: register schedule /Users/macbook/Desktop/vyking/projects/egg-vue-pro/node_modules/_egg-multipart@2.13.1@egg-multipart/app/schedule/clean_tmpdir.js
2021-08-11 23:11:33,720 INFO 42177 [egg-schedule]: register schedule /Users/macbook/Desktop/vyking/projects/egg-vue-pro/node_modules/_egg-logrotator@3.1.0@egg-logrotator/app/schedule/clean_log.js
2021-08-11 23:11:33,720 INFO 42177 [egg-schedule]: register schedule /Users/macbook/Desktop/vyking/projects/egg-vue-pro/node_modules/_egg-logrotator@3.1.0@egg-logrotator/app/schedule/rotate_by_file.js
2021-08-11 23:13:08,624 INFO 42920 [egg-schedule]: register schedule /Users/macbook/Desktop/vyking/projects/egg-vue-pro/node_modules/_egg-multipart@2.13.1@egg-multipart/app/schedule/clean_tmpdir.js
2021-08-11 23:13:08,624 INFO 42920 [egg-schedule]: register schedule /Users/macbook/Desktop/vyking/projects/egg-vue-pro/node_modules/_egg-logrotator@3.1.0@egg-logrotator/app/schedule/clean_log.js
2021-08-11 23:13:08,624 INFO 42920 [egg-schedule]: register schedule /Users/macbook/Desktop/vyking/projects/egg-vue-pro/node_modules/_egg-logrotator@3.1.0@egg-logrotator/app/schedule/rotate_by_file.js
2021-08-11 23:13:46,055 INFO 43227 [egg-schedule]: register schedule /Users/macbook/Desktop/vyking/projects/egg-vue-pro/node_modules/_egg-multipart@2.13.1@egg-multipart/app/schedule/clean_tmpdir.js
2021-08-11 23:13:46,055 INFO 43227 [egg-schedule]: register schedule /Users/macbook/Desktop/vyking/projects/egg-vue-pro/node_modules/_egg-logrotator@3.1.0@egg-logrotator/app/schedule/clean_log.js
2021-08-11 23:13:46,055 INFO 43227 [egg-schedule]: register schedule /Users/macbook/Desktop/vyking/projects/egg-vue-pro/node_modules/_egg-logrotator@3.1.0@egg-logrotator/app/schedule/rotate_by_file.js
2021-08-11 23:13:52,991 INFO 43295 [egg-schedule]: register schedule /Users/macbook/Desktop/vyking/projects/egg-vue-pro/node_modules/_egg-multipart@2.13.1@egg-multipart/app/schedule/clean_tmpdir.js
2021-08-11 23:13:52,991 INFO 43295 [egg-schedule]: register schedule /Users/macbook/Desktop/vyking/projects/egg-vue-pro/node_modules/_egg-logrotator@3.1.0@egg-logrotator/app/schedule/clean_log.js
2021-08-11 23:13:52,991 INFO 43295 [egg-schedule]: register schedule /Users/macbook/Desktop/vyking/projects/egg-vue-pro/node_modules/_egg-logrotator@3.1.0@egg-logrotator/app/schedule/rotate_by_file.js
2021-08-11 23:14:13,394 INFO 43460 [egg-schedule]: register schedule /Users/macbook/Desktop/vyking/projects/egg-vue-pro/node_modules/_egg-multipart@2.13.1@egg-multipart/app/schedule/clean_tmpdir.js
2021-08-11 23:14:13,394 INFO 43460 [egg-schedule]: register schedule /Users/macbook/Desktop/vyking/projects/egg-vue-pro/node_modules/_egg-logrotator@3.1.0@egg-logrotator/app/schedule/clean_log.js
2021-08-11 23:14:13,394 INFO 43460 [egg-schedule]: register schedule /Users/macbook/Desktop/vyking/projects/egg-vue-pro/node_modules/_egg-logrotator@3.1.0@egg-logrotator/app/schedule/rotate_by_file.js
2021-08-11 23:14:40,529 INFO 43679 [egg-schedule]: register schedule /Users/macbook/Desktop/vyking/projects/egg-vue-pro/node_modules/_egg-multipart@2.13.1@egg-multipart/app/schedule/clean_tmpdir.js
2021-08-11 23:14:40,529 INFO 43679 [egg-schedule]: register schedule /Users/macbook/Desktop/vyking/projects/egg-vue-pro/node_modules/_egg-logrotator@3.1.0@egg-logrotator/app/schedule/clean_log.js
2021-08-11 23:14:40,529 INFO 43679 [egg-schedule]: register schedule /Users/macbook/Desktop/vyking/projects/egg-vue-pro/node_modules/_egg-logrotator@3.1.0@egg-logrotator/app/schedule/rotate_by_file.js
2021-08-11 23:15:09,695 INFO 43925 [egg-schedule]: register schedule /Users/macbook/Desktop/vyking/projects/egg-vue-pro/node_modules/_egg-multipart@2.13.1@egg-multipart/app/schedule/clean_tmpdir.js
2021-08-11 23:15:09,695 INFO 43925 [egg-schedule]: register schedule /Users/macbook/Desktop/vyking/projects/egg-vue-pro/node_modules/_egg-logrotator@3.1.0@egg-logrotator/app/schedule/clean_log.js
2021-08-11 23:15:09,695 INFO 43925 [egg-schedule]: register schedule /Users/macbook/Desktop/vyking/projects/egg-vue-pro/node_modules/_egg-logrotator@3.1.0@egg-logrotator/app/schedule/rotate_by_file.js
2021-08-11 23:15:35,881 INFO 44138 [egg-schedule]: register schedule /Users/macbook/Desktop/vyking/projects/egg-vue-pro/node_modules/_egg-multipart@2.13.1@egg-multipart/app/schedule/clean_tmpdir.js
2021-08-11 23:15:35,881 INFO 44138 [egg-schedule]: register schedule /Users/macbook/Desktop/vyking/projects/egg-vue-pro/node_modules/_egg-logrotator@3.1.0@egg-logrotator/app/schedule/clean_log.js
2021-08-11 23:15:35,881 INFO 44138 [egg-schedule]: register schedule /Users/macbook/Desktop/vyking/projects/egg-vue-pro/node_modules/_egg-logrotator@3.1.0@egg-logrotator/app/schedule/rotate_by_file.js
2021-08-11 23:19:37,785 INFO 46050 [egg-schedule]: register schedule /Users/macbook/Desktop/vyking/projects/egg-vue-pro/node_modules/_egg-multipart@2.13.1@egg-multipart/app/schedule/clean_tmpdir.js
2021-08-11 23:19:37,785 INFO 46050 [egg-schedule]: register schedule /Users/macbook/Desktop/vyking/projects/egg-vue-pro/node_modules/_egg-logrotator@3.1.0@egg-logrotator/app/schedule/clean_log.js
2021-08-11 23:19:37,785 INFO 46050 [egg-schedule]: register schedule /Users/macbook/Desktop/vyking/projects/egg-vue-pro/node_modules/_egg-logrotator@3.1.0@egg-logrotator/app/schedule/rotate_by_file.js
2021-08-11 23:19:49,301 INFO 46152 [egg-schedule]: register schedule /Users/macbook/Desktop/vyking/projects/egg-vue-pro/node_modules/_egg-multipart@2.13.1@egg-multipart/app/schedule/clean_tmpdir.js
2021-08-11 23:19:49,301 INFO 46152 [egg-schedule]: register schedule /Users/macbook/Desktop/vyking/projects/egg-vue-pro/node_modules/_egg-logrotator@3.1.0@egg-logrotator/app/schedule/clean_log.js
2021-08-11 23:19:49,301 INFO 46152 [egg-schedule]: register schedule /Users/macbook/Desktop/vyking/projects/egg-vue-pro/node_modules/_egg-logrotator@3.1.0@egg-logrotator/app/schedule/rotate_by_file.js
2021-08-11 23:22:58,018 INFO 47660 [egg-schedule]: register schedule /Users/macbook/Desktop/vyking/projects/egg-vue-pro/node_modules/_egg-multipart@2.13.1@egg-multipart/app/schedule/clean_tmpdir.js
2021-08-11 23:22:58,018 INFO 47660 [egg-schedule]: register schedule /Users/macbook/Desktop/vyking/projects/egg-vue-pro/node_modules/_egg-logrotator@3.1.0@egg-logrotator/app/schedule/clean_log.js
2021-08-11 23:22:58,018 INFO 47660 [egg-schedule]: register schedule /Users/macbook/Desktop/vyking/projects/egg-vue-pro/node_modules/_egg-logrotator@3.1.0@egg-logrotator/app/schedule/rotate_by_file.js
2021-08-11 23:23:03,494 INFO 47715 [egg-schedule]: register schedule /Users/macbook/Desktop/vyking/projects/egg-vue-pro/node_modules/_egg-multipart@2.13.1@egg-multipart/app/schedule/clean_tmpdir.js
2021-08-11 23:23:03,495 INFO 47715 [egg-schedule]: register schedule /Users/macbook/Desktop/vyking/projects/egg-vue-pro/node_modules/_egg-logrotator@3.1.0@egg-logrotator/app/schedule/clean_log.js
2021-08-11 23:23:03,495 INFO 47715 [egg-schedule]: register schedule /Users/macbook/Desktop/vyking/projects/egg-vue-pro/node_modules/_egg-logrotator@3.1.0@egg-logrotator/app/schedule/rotate_by_file.js
2021-08-12 21:29:08,806 INFO 54385 [egg-schedule]: register schedule /Users/macbook/Desktop/vyking/projects/egg-vue-pro/node_modules/_egg-multipart@2.13.1@egg-multipart/app/schedule/clean_tmpdir.js
2021-08-12 21:29:08,806 INFO 54385 [egg-schedule]: register schedule /Users/macbook/Desktop/vyking/projects/egg-vue-pro/node_modules/_egg-logrotator@3.1.0@egg-logrotator/app/schedule/clean_log.js
2021-08-12 21:29:08,806 INFO 54385 [egg-schedule]: register schedule /Users/macbook/Desktop/vyking/projects/egg-vue-pro/node_modules/_egg-logrotator@3.1.0@egg-logrotator/app/schedule/rotate_by_file.js
